# JRE version: Java(TM) SE Runtime Environment (8.0_112-b15) (build 1.8.0_112-b15)
# Java VM: Java HotSpot(TM) 64-Bit com.Server VM (25.112-b15 mixed mode windows-amd64 compressed oops)
Heap:
 PSYoungGen      total 118784K, used 39169K [0x00000000d5f80000, 0x00000000de080000, 0x0000000100000000)
  eden space 106496K, 33% used [0x00000000d5f80000,0x00000000d81e8858,0x00000000dc780000)
  from space 12288K, 32% used [0x00000000dd480000,0x00000000dd857cc0,0x00000000de080000)
  to   space 12800K, 0% used [0x00000000dc780000,0x00000000dc780000,0x00000000dd400000)
 ParOldGen       total 87552K, used 22160K [0x0000000081e00000, 0x0000000087380000, 0x00000000d5f80000)
  object space 87552K, 25% used [0x0000000081e00000,0x00000000833a4340,0x0000000087380000)
 Metaspace       used 16863K, capacity 17104K, committed 17536K, reserved 1064960K
  class space    used 1998K, capacity 2062K, committed 2176K, reserved 1048576K
GC Heap History (10 events):
Event: 25.298 GC heap before
{Heap before GC invocations=6 (full 0):
 PSYoungGen      total 71680K, used 71667K [0x00000000d5f80000, 0x00000000daa80000, 0x0000000100000000)
  eden space 66560K, 100% used [0x00000000d5f80000,0x00000000da080000,0x00000000da080000)
  from space 5120K, 99% used [0x00000000da080000,0x00000000da57cc40,0x00000000da580000)
  to   space 5120K, 0% used [0x00000000da580000,0x00000000da580000,0x00000000daa80000)
 ParOldGen       total 87552K, used 14175K [0x0000000081e00000, 0x0000000087380000, 0x00000000d5f80000)
  object space 87552K, 16% used [0x0000000081e00000,0x0000000082bd7d18,0x0000000087380000)
 Metaspace       used 16860K, capacity 17104K, committed 17536K, reserved 1064960K
  class space    used 1998K, capacity 2062K, committed 2176K, reserved 1048576K
Event: 25.304 GC heap after
Heap after GC invocations=6 (full 0):
 PSYoungGen      total 71680K, used 5090K [0x00000000d5f80000, 0x00000000daa80000, 0x0000000100000000)
  eden space 66560K, 0% used [0x00000000d5f80000,0x00000000d5f80000,0x00000000da080000)
  from space 5120K, 99% used [0x00000000da580000,0x00000000daa78bf0,0x00000000daa80000)
  to   space 5120K, 0% used [0x00000000da080000,0x00000000da080000,0x00000000da580000)
 ParOldGen       total 87552K, used 14867K [0x0000000081e00000, 0x0000000087380000, 0x00000000d5f80000)
  object space 87552K, 16% used [0x0000000081e00000,0x0000000082c84e20,0x0000000087380000)
 Metaspace       used 16860K, capacity 17104K, committed 17536K, reserved 1064960K
  class space    used 1998K, capacity 2062K, committed 2176K, reserved 1048576K
}
Event: 25.602 GC heap before
{Heap before GC invocations=7 (full 0):
 PSYoungGen      total 71680K, used 71650K [0x00000000d5f80000, 0x00000000daa80000, 0x0000000100000000)
  eden space 66560K, 100% used [0x00000000d5f80000,0x00000000da080000,0x00000000da080000)
  from space 5120K, 99% used [0x00000000da580000,0x00000000daa78bf0,0x00000000daa80000)
  to   space 5120K, 0% used [0x00000000da080000,0x00000000da080000,0x00000000da580000)
 ParOldGen       total 87552K, used 14871K [0x0000000081e00000, 0x0000000087380000, 0x00000000d5f80000)
  object space 87552K, 16% used [0x0000000081e00000,0x0000000082c85de8,0x0000000087380000)
 Metaspace       used 16860K, capacity 17104K, committed 17536K, reserved 1064960K
  class space    used 1998K, capacity 2062K, committed 2176K, reserved 1048576K
Event: 25.609 GC heap after
Heap after GC invocations=7 (full 0):
 PSYoungGen      total 71680K, used 2591K [0x00000000d5f80000, 0x00000000daa80000, 0x0000000100000000)
  eden space 66560K, 0% used [0x00000000d5f80000,0x00000000d5f80000,0x00000000da080000)
  from space 5120K, 50% used [0x00000000da080000,0x00000000da307e78,0x00000000da580000)
  to   space 5120K, 0% used [0x00000000da580000,0x00000000da580000,0x00000000daa80000)
 ParOldGen       total 87552K, used 17640K [0x0000000081e00000, 0x0000000087380000, 0x00000000d5f80000)
  object space 87552K, 20% used [0x0000000081e00000,0x0000000082f3a060,0x0000000087380000)
 Metaspace       used 16860K, capacity 17104K, committed 17536K, reserved 1064960K
  class space    used 1998K, capacity 2062K, committed 2176K, reserved 1048576K
}
Event: 25.933 GC heap before
{Heap before GC invocations=8 (full 0):
 PSYoungGen      total 71680K, used 69151K [0x00000000d5f80000, 0x00000000daa80000, 0x0000000100000000)
  eden space 66560K, 100% used [0x00000000d5f80000,0x00000000da080000,0x00000000da080000)
  from space 5120K, 50% used [0x00000000da080000,0x00000000da307e78,0x00000000da580000)
  to   space 5120K, 0% used [0x00000000da580000,0x00000000da580000,0x00000000daa80000)
 ParOldGen       total 87552K, used 17640K [0x0000000081e00000, 0x0000000087380000, 0x00000000d5f80000)
  object space 87552K, 20% used [0x0000000081e00000,0x0000000082f3a060,0x0000000087380000)
 Metaspace       used 16861K, capacity 17104K, committed 17536K, reserved 1064960K
  class space    used 1998K, capacity 2062K, committed 2176K, reserved 1048576K
Event: 25.935 GC heap after
Heap after GC invocations=8 (full 0):
 PSYoungGen      total 71680K, used 2199K [0x00000000d5f80000, 0x00000000daa80000, 0x0000000100000000)
  eden space 66560K, 0% used [0x00000000d5f80000,0x00000000d5f80000,0x00000000da080000)
  from space 5120K, 42% used [0x00000000da580000,0x00000000da7a5cb8,0x00000000daa80000)
  to   space 5120K, 0% used [0x00000000da080000,0x00000000da080000,0x00000000da580000)
 ParOldGen       total 87552K, used 19216K [0x0000000081e00000, 0x0000000087380000, 0x00000000d5f80000)
  object space 87552K, 21% used [0x0000000081e00000,0x00000000830c4090,0x0000000087380000)
 Metaspace       used 16861K, capacity 17104K, committed 17536K, reserved 1064960K
  class space    used 1998K, capacity 2062K, committed 2176K, reserved 1048576K
}
Event: 26.259 GC heap before
{Heap before GC invocations=9 (full 0):
 PSYoungGen      total 71680K, used 68759K [0x00000000d5f80000, 0x00000000daa80000, 0x0000000100000000)
  eden space 66560K, 100% used [0x00000000d5f80000,0x00000000da080000,0x00000000da080000)
  from space 5120K, 42% used [0x00000000da580000,0x00000000da7a5cb8,0x00000000daa80000)
  to   space 5120K, 0% used [0x00000000da080000,0x00000000da080000,0x00000000da580000)
 ParOldGen       total 87552K, used 19216K [0x0000000081e00000, 0x0000000087380000, 0x00000000d5f80000)
  object space 87552K, 21% used [0x0000000081e00000,0x00000000830c40d8,0x0000000087380000)
 Metaspace       used 16861K, capacity 17104K, committed 17536K, reserved 1064960K
  class space    used 1998K, capacity 2062K, committed 2176K, reserved 1048576K
Event: 26.262 GC heap after
Heap after GC invocations=9 (full 0):
 PSYoungGen      total 71680K, used 384K [0x00000000d5f80000, 0x00000000de180000, 0x0000000100000000)
  eden space 66560K, 0% used [0x00000000d5f80000,0x00000000d5f80000,0x00000000da080000)
  from space 5120K, 7% used [0x00000000da080000,0x00000000da0e0000,0x00000000da580000)
  to   space 13312K, 0% used [0x00000000dd480000,0x00000000dd480000,0x00000000de180000)
 ParOldGen       total 87552K, used 21974K [0x0000000081e00000, 0x0000000087380000, 0x00000000d5f80000)
  object space 87552K, 25% used [0x0000000081e00000,0x0000000083375bf0,0x0000000087380000)
 Metaspace       used 16861K, capacity 17104K, committed 17536K, reserved 1064960K
  class space    used 1998K, capacity 2062K, committed 2176K, reserved 1048576K
}
Event: 26.546 GC heap before
{Heap before GC invocations=10 (full 0):
 PSYoungGen      total 71680K, used 66944K [0x00000000d5f80000, 0x00000000de180000, 0x0000000100000000)
  eden space 66560K, 100% used [0x00000000d5f80000,0x00000000da080000,0x00000000da080000)
  from space 5120K, 7% used [0x00000000da080000,0x00000000da0e0000,0x00000000da580000)
  to   space 13312K, 0% used [0x00000000dd480000,0x00000000dd480000,0x00000000de180000)
 ParOldGen       total 87552K, used 21976K [0x0000000081e00000, 0x0000000087380000, 0x00000000d5f80000)
  object space 87552K, 25% used [0x0000000081e00000,0x0000000083376338,0x0000000087380000)
 Metaspace       used 16863K, capacity 17104K, committed 17536K, reserved 1064960K
  class space    used 1998K, capacity 2062K, committed 2176K, reserved 1048576K
Event: 26.555 GC heap after
Heap after GC invocations=10 (full 0):
 PSYoungGen      total 118784K, used 3935K [0x00000000d5f80000, 0x00000000de080000, 0x0000000100000000)
  eden space 106496K, 0% used [0x00000000d5f80000,0x00000000d5f80000,0x00000000dc780000)
  from space 12288K, 32% used [0x00000000dd480000,0x00000000dd857cc0,0x00000000de080000)
  to   space 12800K, 0% used [0x00000000dc780000,0x00000000dc780000,0x00000000dd400000)
 ParOldGen       total 87552K, used 22160K [0x0000000081e00000, 0x0000000087380000, 0x00000000d5f80000)
  object space 87552K, 25% used [0x0000000081e00000,0x00000000833a4340,0x0000000087380000)
 Metaspace       used 16863K, capacity 17104K, committed 17536K, reserved 1064960K
  class space    used 1998K, capacity 2062K, committed 2176K, reserved 1048576K
}

