# JRE version: Java(TM) SE Runtime Environment (8.0_112-b15) (build 1.8.0_112-b15)
# Java VM: Java HotSpot(TM) 64-Bit com.Server VM (25.112-b15 mixed mode windows-amd64 compressed oops)
Heap:
 PSYoungGen      total 146944K, used 45719K [0x00000000d5f80000, 0x00000000dfe80000, 0x0000000100000000)
  eden space 132608K, 34% used [0x00000000d5f80000,0x00000000d8bbfe50,0x00000000de100000)
  from space 14336K, 2% used [0x00000000def80000,0x00000000defe6008,0x00000000dfd80000)
  to   space 14848K, 0% used [0x00000000de100000,0x00000000de100000,0x00000000def80000)
 ParOldGen       total 87552K, used 20360K [0x0000000081e00000, 0x0000000087380000, 0x00000000d5f80000)
  object space 87552K, 23% used [0x0000000081e00000,0x00000000831e2328,0x0000000087380000)
 Metaspace       used 16875K, capacity 17168K, committed 17536K, reserved 1064960K
  class space    used 1998K, capacity 2062K, committed 2176K, reserved 1048576K
GC Heap History (10 events):
Event: 9.487 GC heap before
{Heap before GC invocations=4 (full 0):
 PSYoungGen      total 38400K, used 38376K [0x00000000d5f80000, 0x00000000daa80000, 0x0000000100000000)
  eden space 33280K, 100% used [0x00000000d5f80000,0x00000000d8000000,0x00000000d8000000)
  from space 5120K, 99% used [0x00000000d8000000,0x00000000d84fa1a0,0x00000000d8500000)
  to   space 5120K, 0% used [0x00000000da580000,0x00000000da580000,0x00000000daa80000)
 ParOldGen       total 87552K, used 13889K [0x0000000081e00000, 0x0000000087380000, 0x00000000d5f80000)
  object space 87552K, 15% used [0x0000000081e00000,0x0000000082b90498,0x0000000087380000)
 Metaspace       used 16840K, capacity 17104K, committed 17536K, reserved 1064960K
  class space    used 1998K, capacity 2062K, committed 2176K, reserved 1048576K
Event: 9.493 GC heap after
Heap after GC invocations=4 (full 0):
 PSYoungGen      total 71680K, used 5112K [0x00000000d5f80000, 0x00000000daa80000, 0x0000000100000000)
  eden space 66560K, 0% used [0x00000000d5f80000,0x00000000d5f80000,0x00000000da080000)
  from space 5120K, 99% used [0x00000000da580000,0x00000000daa7e190,0x00000000daa80000)
  to   space 5120K, 0% used [0x00000000da080000,0x00000000da080000,0x00000000da580000)
 ParOldGen       total 87552K, used 13993K [0x0000000081e00000, 0x0000000087380000, 0x00000000d5f80000)
  object space 87552K, 15% used [0x0000000081e00000,0x0000000082baa498,0x0000000087380000)
 Metaspace       used 16840K, capacity 17104K, committed 17536K, reserved 1064960K
  class space    used 1998K, capacity 2062K, committed 2176K, reserved 1048576K
}
Event: 9.837 GC heap before
{Heap before GC invocations=5 (full 0):
 PSYoungGen      total 71680K, used 71672K [0x00000000d5f80000, 0x00000000daa80000, 0x0000000100000000)
  eden space 66560K, 100% used [0x00000000d5f80000,0x00000000da080000,0x00000000da080000)
  from space 5120K, 99% used [0x00000000da580000,0x00000000daa7e190,0x00000000daa80000)
  to   space 5120K, 0% used [0x00000000da080000,0x00000000da080000,0x00000000da580000)
 ParOldGen       total 87552K, used 13993K [0x0000000081e00000, 0x0000000087380000, 0x00000000d5f80000)
  object space 87552K, 15% used [0x0000000081e00000,0x0000000082baa498,0x0000000087380000)
 Metaspace       used 16871K, capacity 17168K, committed 17536K, reserved 1064960K
  class space    used 1998K, capacity 2062K, committed 2176K, reserved 1048576K
Event: 9.846 GC heap after
Heap after GC invocations=5 (full 0):
 PSYoungGen      total 71680K, used 5111K [0x00000000d5f80000, 0x00000000daa80000, 0x0000000100000000)
  eden space 66560K, 0% used [0x00000000d5f80000,0x00000000d5f80000,0x00000000da080000)
  from space 5120K, 99% used [0x00000000da080000,0x00000000da57df98,0x00000000da580000)
  to   space 5120K, 0% used [0x00000000da580000,0x00000000da580000,0x00000000daa80000)
 ParOldGen       total 87552K, used 14570K [0x0000000081e00000, 0x0000000087380000, 0x00000000d5f80000)
  object space 87552K, 16% used [0x0000000081e00000,0x0000000082c3a908,0x0000000087380000)
 Metaspace       used 16871K, capacity 17168K, committed 17536K, reserved 1064960K
  class space    used 1998K, capacity 2062K, committed 2176K, reserved 1048576K
}
Event: 10.139 GC heap before
{Heap before GC invocations=6 (full 0):
 PSYoungGen      total 71680K, used 71671K [0x00000000d5f80000, 0x00000000daa80000, 0x0000000100000000)
  eden space 66560K, 100% used [0x00000000d5f80000,0x00000000da080000,0x00000000da080000)
  from space 5120K, 99% used [0x00000000da080000,0x00000000da57df98,0x00000000da580000)
  to   space 5120K, 0% used [0x00000000da580000,0x00000000da580000,0x00000000daa80000)
 ParOldGen       total 87552K, used 14570K [0x0000000081e00000, 0x0000000087380000, 0x00000000d5f80000)
  object space 87552K, 16% used [0x0000000081e00000,0x0000000082c3a908,0x0000000087380000)
 Metaspace       used 16875K, capacity 17168K, committed 17536K, reserved 1064960K
  class space    used 1998K, capacity 2062K, committed 2176K, reserved 1048576K
Event: 10.146 GC heap after
Heap after GC invocations=6 (full 0):
 PSYoungGen      total 71680K, used 4840K [0x00000000d5f80000, 0x00000000daa80000, 0x0000000100000000)
  eden space 66560K, 0% used [0x00000000d5f80000,0x00000000d5f80000,0x00000000da080000)
  from space 5120K, 94% used [0x00000000da580000,0x00000000daa3a150,0x00000000daa80000)
  to   space 5120K, 0% used [0x00000000da080000,0x00000000da080000,0x00000000da580000)
 ParOldGen       total 87552K, used 15465K [0x0000000081e00000, 0x0000000087380000, 0x00000000d5f80000)
  object space 87552K, 17% used [0x0000000081e00000,0x0000000082d1a760,0x0000000087380000)
 Metaspace       used 16875K, capacity 17168K, committed 17536K, reserved 1064960K
  class space    used 1998K, capacity 2062K, committed 2176K, reserved 1048576K
}
Event: 10.453 GC heap before
{Heap before GC invocations=7 (full 0):
 PSYoungGen      total 71680K, used 71400K [0x00000000d5f80000, 0x00000000daa80000, 0x0000000100000000)
  eden space 66560K, 100% used [0x00000000d5f80000,0x00000000da080000,0x00000000da080000)
  from space 5120K, 94% used [0x00000000da580000,0x00000000daa3a150,0x00000000daa80000)
  to   space 5120K, 0% used [0x00000000da080000,0x00000000da080000,0x00000000da580000)
 ParOldGen       total 87552K, used 15465K [0x0000000081e00000, 0x0000000087380000, 0x00000000d5f80000)
  object space 87552K, 17% used [0x0000000081e00000,0x0000000082d1a760,0x0000000087380000)
 Metaspace       used 16875K, capacity 17168K, committed 17536K, reserved 1064960K
  class space    used 1998K, capacity 2062K, committed 2176K, reserved 1048576K
Event: 10.458 GC heap after
Heap after GC invocations=7 (full 0):
 PSYoungGen      total 71680K, used 1584K [0x00000000d5f80000, 0x00000000dfd80000, 0x0000000100000000)
  eden space 66560K, 0% used [0x00000000d5f80000,0x00000000d5f80000,0x00000000da080000)
  from space 5120K, 30% used [0x00000000da080000,0x00000000da20c010,0x00000000da580000)
  to   space 14336K, 0% used [0x00000000def80000,0x00000000def80000,0x00000000dfd80000)
 ParOldGen       total 87552K, used 18976K [0x0000000081e00000, 0x0000000087380000, 0x00000000d5f80000)
  object space 87552K, 21% used [0x0000000081e00000,0x0000000083088328,0x0000000087380000)
 Metaspace       used 16875K, capacity 17168K, committed 17536K, reserved 1064960K
  class space    used 1998K, capacity 2062K, committed 2176K, reserved 1048576K
}
Event: 10.749 GC heap before
{Heap before GC invocations=8 (full 0):
 PSYoungGen      total 71680K, used 68144K [0x00000000d5f80000, 0x00000000dfd80000, 0x0000000100000000)
  eden space 66560K, 100% used [0x00000000d5f80000,0x00000000da080000,0x00000000da080000)
  from space 5120K, 30% used [0x00000000da080000,0x00000000da20c010,0x00000000da580000)
  to   space 14336K, 0% used [0x00000000def80000,0x00000000def80000,0x00000000dfd80000)
 ParOldGen       total 87552K, used 18976K [0x0000000081e00000, 0x0000000087380000, 0x00000000d5f80000)
  object space 87552K, 21% used [0x0000000081e00000,0x0000000083088328,0x0000000087380000)
 Metaspace       used 16875K, capacity 17168K, committed 17536K, reserved 1064960K
  class space    used 1998K, capacity 2062K, committed 2176K, reserved 1048576K
Event: 10.752 GC heap after
Heap after GC invocations=8 (full 0):
 PSYoungGen      total 146944K, used 408K [0x00000000d5f80000, 0x00000000dfe80000, 0x0000000100000000)
  eden space 132608K, 0% used [0x00000000d5f80000,0x00000000d5f80000,0x00000000de100000)
  from space 14336K, 2% used [0x00000000def80000,0x00000000defe6008,0x00000000dfd80000)
  to   space 14848K, 0% used [0x00000000de100000,0x00000000de100000,0x00000000def80000)
 ParOldGen       total 87552K, used 20360K [0x0000000081e00000, 0x0000000087380000, 0x00000000d5f80000)
  object space 87552K, 23% used [0x0000000081e00000,0x00000000831e2328,0x0000000087380000)
 Metaspace       used 16875K, capacity 17168K, committed 17536K, reserved 1064960K
  class space    used 1998K, capacity 2062K, committed 2176K, reserved 1048576K
}

