# JRE version: Java(TM) SE Runtime Environment (8.0_112-b15) (build 1.8.0_112-b15)
# Java VM: Java HotSpot(TM) 64-Bit com.Server VM (25.112-b15 mixed mode windows-amd64 compressed oops)
Heap:
 PSYoungGen      total 42496K, used 37709K [0x00000000d5f80000, 0x00000000d9400000, 0x0000000100000000)
  eden space 32256K, 93% used [0x00000000d5f80000,0x00000000d7cfd688,0x00000000d7f00000)
  from space 10240K, 73% used [0x00000000d8a00000,0x00000000d9156150,0x00000000d9400000)
  to   space 10752K, 0% used [0x00000000d7f00000,0x00000000d7f00000,0x00000000d8980000)
 ParOldGen       total 87552K, used 14835K [0x0000000081e00000, 0x0000000087380000, 0x00000000d5f80000)
  object space 87552K, 16% used [0x0000000081e00000,0x0000000082c7cf08,0x0000000087380000)
 Metaspace       used 12960K, capacity 13176K, committed 13440K, reserved 1060864K
  class space    used 1327K, capacity 1380K, committed 1408K, reserved 1048576K
GC Heap History (10 events):
Event: 108.914 GC heap before
{Heap before GC invocations=2 (full 0):
 PSYoungGen      total 38400K, used 38380K [0x00000000d5f80000, 0x00000000d8a00000, 0x0000000100000000)
  eden space 33280K, 99% used [0x00000000d5f80000,0x00000000d7ffeaf8,0x00000000d8000000)
  from space 5120K, 99% used [0x00000000d8000000,0x00000000d84fc8e8,0x00000000d8500000)
  to   space 5120K, 0% used [0x00000000d8500000,0x00000000d8500000,0x00000000d8a00000)
 ParOldGen       total 87552K, used 2231K [0x0000000081e00000, 0x0000000087380000, 0x00000000d5f80000)
  object space 87552K, 2% used [0x0000000081e00000,0x000000008202dc58,0x0000000087380000)
 Metaspace       used 12443K, capacity 12664K, committed 12928K, reserved 1060864K
  class space    used 1325K, capacity 1380K, committed 1408K, reserved 1048576K
Event: 108.924 GC heap after
Heap after GC invocations=2 (full 0):
 PSYoungGen      total 38400K, used 5112K [0x00000000d5f80000, 0x00000000d8a00000, 0x0000000100000000)
  eden space 33280K, 0% used [0x00000000d5f80000,0x00000000d5f80000,0x00000000d8000000)
  from space 5120K, 99% used [0x00000000d8500000,0x00000000d89fe140,0x00000000d8a00000)
  to   space 5120K, 0% used [0x00000000d8000000,0x00000000d8000000,0x00000000d8500000)
 ParOldGen       total 87552K, used 6275K [0x0000000081e00000, 0x0000000087380000, 0x00000000d5f80000)
  object space 87552K, 7% used [0x0000000081e00000,0x0000000082420c78,0x0000000087380000)
 Metaspace       used 12443K, capacity 12664K, committed 12928K, reserved 1060864K
  class space    used 1325K, capacity 1380K, committed 1408K, reserved 1048576K
}
Event: 156.822 GC heap before
{Heap before GC invocations=3 (full 0):
 PSYoungGen      total 38400K, used 38392K [0x00000000d5f80000, 0x00000000d8a00000, 0x0000000100000000)
  eden space 33280K, 100% used [0x00000000d5f80000,0x00000000d8000000,0x00000000d8000000)
  from space 5120K, 99% used [0x00000000d8500000,0x00000000d89fe140,0x00000000d8a00000)
  to   space 5120K, 0% used [0x00000000d8000000,0x00000000d8000000,0x00000000d8500000)
 ParOldGen       total 87552K, used 6275K [0x0000000081e00000, 0x0000000087380000, 0x00000000d5f80000)
  object space 87552K, 7% used [0x0000000081e00000,0x0000000082420c78,0x0000000087380000)
 Metaspace       used 12637K, capacity 12792K, committed 12928K, reserved 1060864K
  class space    used 1325K, capacity 1380K, committed 1408K, reserved 1048576K
Event: 156.831 GC heap after
Heap after GC invocations=3 (full 0):
 PSYoungGen      total 38400K, used 5112K [0x00000000d5f80000, 0x00000000d8a00000, 0x0000000100000000)
  eden space 33280K, 0% used [0x00000000d5f80000,0x00000000d5f80000,0x00000000d8000000)
  from space 5120K, 99% used [0x00000000d8000000,0x00000000d84fe170,0x00000000d8500000)
  to   space 5120K, 0% used [0x00000000d8500000,0x00000000d8500000,0x00000000d8a00000)
 ParOldGen       total 87552K, used 10835K [0x0000000081e00000, 0x0000000087380000, 0x00000000d5f80000)
  object space 87552K, 12% used [0x0000000081e00000,0x0000000082894ef8,0x0000000087380000)
 Metaspace       used 12637K, capacity 12792K, committed 12928K, reserved 1060864K
  class space    used 1325K, capacity 1380K, committed 1408K, reserved 1048576K
}
Event: 207.985 GC heap before
{Heap before GC invocations=4 (full 0):
 PSYoungGen      total 38400K, used 38386K [0x00000000d5f80000, 0x00000000d8a00000, 0x0000000100000000)
  eden space 33280K, 99% used [0x00000000d5f80000,0x00000000d7ffea80,0x00000000d8000000)
  from space 5120K, 99% used [0x00000000d8000000,0x00000000d84fe170,0x00000000d8500000)
  to   space 5120K, 0% used [0x00000000d8500000,0x00000000d8500000,0x00000000d8a00000)
 ParOldGen       total 87552K, used 10835K [0x0000000081e00000, 0x0000000087380000, 0x00000000d5f80000)
  object space 87552K, 12% used [0x0000000081e00000,0x0000000082894ef8,0x0000000087380000)
 Metaspace       used 12706K, capacity 12920K, committed 13184K, reserved 1060864K
  class space    used 1326K, capacity 1380K, committed 1408K, reserved 1048576K
Event: 207.993 GC heap after
Heap after GC invocations=4 (full 0):
 PSYoungGen      total 38400K, used 5105K [0x00000000d5f80000, 0x00000000d8a00000, 0x0000000100000000)
  eden space 33280K, 0% used [0x00000000d5f80000,0x00000000d5f80000,0x00000000d8000000)
  from space 5120K, 99% used [0x00000000d8500000,0x00000000d89fc538,0x00000000d8a00000)
  to   space 5120K, 0% used [0x00000000d8000000,0x00000000d8000000,0x00000000d8500000)
 ParOldGen       total 87552K, used 13355K [0x0000000081e00000, 0x0000000087380000, 0x00000000d5f80000)
  object space 87552K, 15% used [0x0000000081e00000,0x0000000082b0aef8,0x0000000087380000)
 Metaspace       used 12706K, capacity 12920K, committed 13184K, reserved 1060864K
  class space    used 1326K, capacity 1380K, committed 1408K, reserved 1048576K
}
Event: 258.852 GC heap before
{Heap before GC invocations=5 (full 0):
 PSYoungGen      total 38400K, used 38385K [0x00000000d5f80000, 0x00000000d8a00000, 0x0000000100000000)
  eden space 33280K, 100% used [0x00000000d5f80000,0x00000000d8000000,0x00000000d8000000)
  from space 5120K, 99% used [0x00000000d8500000,0x00000000d89fc538,0x00000000d8a00000)
  to   space 5120K, 0% used [0x00000000d8000000,0x00000000d8000000,0x00000000d8500000)
 ParOldGen       total 87552K, used 13355K [0x0000000081e00000, 0x0000000087380000, 0x00000000d5f80000)
  object space 87552K, 15% used [0x0000000081e00000,0x0000000082b0aef8,0x0000000087380000)
 Metaspace       used 12760K, capacity 12984K, committed 13184K, reserved 1060864K
  class space    used 1327K, capacity 1380K, committed 1408K, reserved 1048576K
Event: 258.859 GC heap after
Heap after GC invocations=5 (full 0):
 PSYoungGen      total 37888K, used 5112K [0x00000000d5f80000, 0x00000000d9480000, 0x0000000100000000)
  eden space 32768K, 0% used [0x00000000d5f80000,0x00000000d5f80000,0x00000000d7f80000)
  from space 5120K, 99% used [0x00000000d8000000,0x00000000d84fe190,0x00000000d8500000)
  to   space 10752K, 0% used [0x00000000d8a00000,0x00000000d8a00000,0x00000000d9480000)
 ParOldGen       total 87552K, used 14835K [0x0000000081e00000, 0x0000000087380000, 0x00000000d5f80000)
  object space 87552K, 16% used [0x0000000081e00000,0x0000000082c7cf08,0x0000000087380000)
 Metaspace       used 12760K, capacity 12984K, committed 13184K, reserved 1060864K
  class space    used 1327K, capacity 1380K, committed 1408K, reserved 1048576K
}
Event: 306.918 GC heap before
{Heap before GC invocations=6 (full 0):
 PSYoungGen      total 37888K, used 37880K [0x00000000d5f80000, 0x00000000d9480000, 0x0000000100000000)
  eden space 32768K, 100% used [0x00000000d5f80000,0x00000000d7f80000,0x00000000d7f80000)
  from space 5120K, 99% used [0x00000000d8000000,0x00000000d84fe190,0x00000000d8500000)
  to   space 10752K, 0% used [0x00000000d8a00000,0x00000000d8a00000,0x00000000d9480000)
 ParOldGen       total 87552K, used 14835K [0x0000000081e00000, 0x0000000087380000, 0x00000000d5f80000)
  object space 87552K, 16% used [0x0000000081e00000,0x0000000082c7cf08,0x0000000087380000)
 Metaspace       used 12894K, capacity 13112K, committed 13440K, reserved 1060864K
  class space    used 1327K, capacity 1380K, committed 1408K, reserved 1048576K
Event: 306.926 GC heap after
Heap after GC invocations=6 (full 0):
 PSYoungGen      total 42496K, used 7512K [0x00000000d5f80000, 0x00000000d9400000, 0x0000000100000000)
  eden space 32256K, 0% used [0x00000000d5f80000,0x00000000d5f80000,0x00000000d7f00000)
  from space 10240K, 73% used [0x00000000d8a00000,0x00000000d9156150,0x00000000d9400000)
  to   space 10752K, 0% used [0x00000000d7f00000,0x00000000d7f00000,0x00000000d8980000)
 ParOldGen       total 87552K, used 14835K [0x0000000081e00000, 0x0000000087380000, 0x00000000d5f80000)
  object space 87552K, 16% used [0x0000000081e00000,0x0000000082c7cf08,0x0000000087380000)
 Metaspace       used 12894K, capacity 13112K, committed 13440K, reserved 1060864K
  class space    used 1327K, capacity 1380K, committed 1408K, reserved 1048576K
}

